生成启动时间为 2016/1/6 10:56:31。
     1>项目“D:\program\CPP\2010\DotAReplay\qlog\vc10\qlog.vcxproj”在节点 3 上(build 个目标)。
     1>InitializeBuildStatus:
         正在创建“..\Debug\obj\qlog.unsuccessfulbuild”，因为已指定“AlwaysCreate”。
       ClCompile:
         D:\Program Files\Microsoft Visual Studio 10.0\VC\bin\CL.exe /c /I../src /I../lib /Zi /nologo /W2 /WX- /Od /Oy- /D WIN32 /D _DEBUG /D _CONSOLE /D _MBCS /Gm /EHsc /RTC1 /MDd /GS /fp:precise /Zc:wchar_t /Zc:forScope /Fo"..\Debug\obj\\" /Fd"..\Debug\obj\vc100.pdb" /Gd /TP /analyze- /errorReport:prompt ..\src\action.cpp ..\src\actiondump.cpp ..\src\base\argparser.cpp ..\src\base\dictionary.cpp ..\src\base\file.cpp ..\src\base\gzmemory.cpp ..\src\base\intdict.cpp ..\src\base\openurl.cpp ..\src\base\pool.cpp ..\src\base\regexp.cpp ..\src\base\string.cpp ..\src\base\utf8.cpp ..\src\base\utils.cpp ..\src\base\version.cpp ..\src\main.cpp ..\src\orders.cpp ..\src\replay.cpp
         replay.cpp
         orders.cpp
         main.cpp
         version.cpp
         utils.cpp
         utf8.cpp
         string.cpp
         regexp.cpp
         pool.cpp
         openurl.cpp
         intdict.cpp
         gzmemory.cpp
         file.cpp
         dictionary.cpp
         argparser.cpp
         actiondump.cpp
         action.cpp
         正在生成代码...
       ManifestResourceCompile:
         C:\Program Files (x86)\Microsoft SDKs\Windows\v7.0A\bin\rc.exe /nologo /fo"..\Debug\obj\qlog.exe.embed.manifest.res" ..\Debug\obj\qlog_manifest.rc 
       Link:
         D:\Program Files\Microsoft Visual Studio 10.0\VC\bin\link.exe /ERRORREPORT:PROMPT /OUT:"..\Debug\qlog.exe" /INCREMENTAL /NOLOGO ../lib/zlib.lib kernel32.lib user32.lib gdi32.lib winspool.lib comdlg32.lib advapi32.lib shell32.lib ole32.lib oleaut32.lib uuid.lib odbc32.lib odbccp32.lib kernel32.lib user32.lib gdi32.lib winspool.lib comdlg32.lib advapi32.lib shell32.lib ole32.lib oleaut32.lib uuid.lib odbc32.lib odbccp32.lib /NODEFAULTLIB:libcmtd.lib /MANIFEST /ManifestFile:"..\Debug\obj\qlog.exe.intermediate.manifest" /MANIFESTUAC:"level='asInvoker' uiAccess='false'" /DEBUG /PDB:"D:\program\CPP\2010\DotAReplay\qlog\Debug\qlog.pdb" /SUBSYSTEM:CONSOLE /TLBID:1 /DYNAMICBASE /NXCOMPAT /IMPLIB:"..\Debug\qlog.lib" /MACHINE:X86 ..\Debug\obj\qlog.exe.embed.manifest.res
         ..\Debug\obj\action.obj
         ..\Debug\obj\actiondump.obj
         ..\Debug\obj\argparser.obj
         ..\Debug\obj\dictionary.obj
         ..\Debug\obj\file.obj
         ..\Debug\obj\gzmemory.obj
         ..\Debug\obj\intdict.obj
         ..\Debug\obj\openurl.obj
         ..\Debug\obj\pool.obj
         ..\Debug\obj\regexp.obj
         ..\Debug\obj\string.obj
         ..\Debug\obj\utf8.obj
         ..\Debug\obj\utils.obj
         ..\Debug\obj\version.obj
         ..\Debug\obj\main.obj
         ..\Debug\obj\orders.obj
         ..\Debug\obj\replay.obj
       Manifest:
         C:\Program Files (x86)\Microsoft SDKs\Windows\v7.0A\bin\mt.exe /nologo /verbose /out:"..\Debug\obj\qlog.exe.embed.manifest" /manifest ..\Debug\obj\qlog.exe.intermediate.manifest
         C:\Program Files (x86)\Microsoft SDKs\Windows\v7.0A\bin\rc.exe /nologo /fo"..\Debug\obj\qlog.exe.embed.manifest.res" ..\Debug\obj\qlog_manifest.rc 
       LinkEmbedManifest:
         D:\Program Files\Microsoft Visual Studio 10.0\VC\bin\link.exe /ERRORREPORT:PROMPT /OUT:"..\Debug\qlog.exe" /INCREMENTAL /NOLOGO ../lib/zlib.lib kernel32.lib user32.lib gdi32.lib winspool.lib comdlg32.lib advapi32.lib shell32.lib ole32.lib oleaut32.lib uuid.lib odbc32.lib odbccp32.lib kernel32.lib user32.lib gdi32.lib winspool.lib comdlg32.lib advapi32.lib shell32.lib ole32.lib oleaut32.lib uuid.lib odbc32.lib odbccp32.lib /NODEFAULTLIB:libcmtd.lib /MANIFEST /ManifestFile:"..\Debug\obj\qlog.exe.intermediate.manifest" /MANIFESTUAC:"level='asInvoker' uiAccess='false'" /DEBUG /PDB:"D:\program\CPP\2010\DotAReplay\qlog\Debug\qlog.pdb" /SUBSYSTEM:CONSOLE /TLBID:1 /DYNAMICBASE /NXCOMPAT /IMPLIB:"..\Debug\qlog.lib" /MACHINE:X86 ..\Debug\obj\qlog.exe.embed.manifest.res
         ..\Debug\obj\action.obj
         ..\Debug\obj\actiondump.obj
         ..\Debug\obj\argparser.obj
         ..\Debug\obj\dictionary.obj
         ..\Debug\obj\file.obj
         ..\Debug\obj\gzmemory.obj
         ..\Debug\obj\intdict.obj
         ..\Debug\obj\openurl.obj
         ..\Debug\obj\pool.obj
         ..\Debug\obj\regexp.obj
         ..\Debug\obj\string.obj
         ..\Debug\obj\utf8.obj
         ..\Debug\obj\utils.obj
         ..\Debug\obj\version.obj
         ..\Debug\obj\main.obj
         ..\Debug\obj\orders.obj
         ..\Debug\obj\replay.obj
         qlog.vcxproj -> D:\program\CPP\2010\DotAReplay\qlog\vc10\..\Debug\qlog.exe
       FinalizeBuildStatus:
         正在删除文件“..\Debug\obj\qlog.unsuccessfulbuild”。
         正在对“..\Debug\obj\qlog.lastbuildstate”执行 Touch 任务。
     1>已完成生成项目“D:\program\CPP\2010\DotAReplay\qlog\vc10\qlog.vcxproj”(build 个目标)的操作。

生成成功。

已用时间 00:00:04.78
